info: Listinging on port 3000 ... Tue Dec 20 2022 11:37:58 GMT+0300 (East Africa Time)
info: Listinging on port 3000 ... Thu Dec 22 2022 15:38:46 GMT+0300 (East Africa Time)
info: connected to MongoDb ...
info: Listinging on port 3000 ... Thu Dec 22 2022 16:45:06 GMT+0300 (East Africa Time)
info: connected to MongoDb ...
info: Listinging on port 3002 ... Thu Dec 22 2022 16:45:32 GMT+0300 (East Africa Time)
info: connected to MongoDb ...
info: Listinging on port 3002 ... Thu Dec 22 2022 16:46:35 GMT+0300 (East Africa Time)
info: connected to MongoDb ...
info: Listinging on port 3002 ... Fri Dec 23 2022 09:00:07 GMT+0300 (East Africa Time)
info: connected to MongoDb ...
info: Listinging on port 3002 ... Fri Dec 23 2022 09:11:19 GMT+0300 (East Africa Time)
info: connected to MongoDb ...
info: Listinging on port 3002 ... Fri Dec 23 2022 09:12:22 GMT+0300 (East Africa Time)
info: connected to MongoDb ...
info: Listinging on port 3002 ... Fri Dec 23 2022 09:20:53 GMT+0300 (East Africa Time)
info: connected to MongoDb ...
info: Listinging on port 3002 ... Fri Dec 23 2022 09:25:03 GMT+0300 (East Africa Time)
info: connected to MongoDb ...
info: Listinging on port 3002 ... Fri Dec 23 2022 09:25:10 GMT+0300 (East Africa Time)
info: connected to MongoDb ...
info: Listinging on port 3002 ... Sat Dec 24 2022 12:14:16 GMT+0300 (East Africa Time)
info: connected to MongoDb ...
info: connected to MongoDb ...
info: Listinging on port 3002 ... Sat Dec 24 2022 12:25:40 GMT+0300 (East Africa Time)
info: connected to MongoDb ...
info: Listinging on port 3002 ... Mon Dec 26 2022 09:04:54 GMT+0300 (East Africa Time)
info: connected to MongoDb ...
info: Listinging on port 3002 ... Mon Dec 26 2022 09:10:52 GMT+0300 (East Africa Time)
info: connected to MongoDb ...
info: Listinging on port 3002 ... Mon Dec 26 2022 09:15:00 GMT+0300 (East Africa Time)
info: connected to MongoDb ...
info: Listinging on port 3002 ... Mon Dec 26 2022 09:23:26 GMT+0300 (East Africa Time)
info: connected to MongoDb ...
info: Listinging on port 3002 ... Mon Dec 26 2022 09:27:41 GMT+0300 (East Africa Time)
info: connected to MongoDb ...
info: Listinging on port 3002 ... Mon Dec 26 2022 09:30:15 GMT+0300 (East Africa Time)
info: connected to MongoDb ...
info: Listinging on port 3002 ... Mon Dec 26 2022 10:40:21 GMT+0300 (East Africa Time)
info: connected to MongoDb ...
info: Listinging on port 3002 ... Mon Dec 26 2022 13:59:26 GMT+0300 (East Africa Time)
info: connected to MongoDb ...
info: Listinging on port 3002 ... Mon Dec 26 2022 15:30:12 GMT+0300 (East Africa Time)
info: connected to MongoDb ...
info: Listinging on port 3002 ... Mon Dec 26 2022 15:33:15 GMT+0300 (East Africa Time)
info: connected to MongoDb ...
info: Listinging on port 3002 ... Mon Dec 26 2022 15:55:25 GMT+0300 (East Africa Time)
info: connected to MongoDb ...
info: Listinging on port 3002 ... Mon Dec 26 2022 16:16:30 GMT+0300 (East Africa Time)
info: connected to MongoDb ...
info: Listinging on port 3002 ... Tue Dec 27 2022 10:59:27 GMT+0300 (East Africa Time)
info: connected to MongoDb ...
info: Listinging on port 3002 ... Tue Dec 27 2022 11:07:13 GMT+0300 (East Africa Time)
info: connected to MongoDb ...
info: Listinging on port 3002 ... Tue Dec 27 2022 11:13:01 GMT+0300 (East Africa Time)
info: connected to MongoDb ...
info: Listinging on port 3002 ... Tue Dec 27 2022 11:20:39 GMT+0300 (East Africa Time)
info: connected to MongoDb ...
info: Listinging on port 3002 ... Tue Dec 27 2022 11:52:49 GMT+0300 (East Africa Time)
info: connected to MongoDb ...
info: Listinging on port 3002 ... Tue Dec 27 2022 13:36:13 GMT+0300 (East Africa Time)
info: connected to MongoDb ...
info: Listinging on port 3002 ... Tue Dec 27 2022 13:36:18 GMT+0300 (East Africa Time)
info: connected to MongoDb ...
info: Listinging on port 3002 ... Tue Dec 27 2022 13:37:53 GMT+0300 (East Africa Time)
info: connected to MongoDb ...
info: Listinging on port 3002 ... Tue Dec 27 2022 13:38:59 GMT+0300 (East Africa Time)
info: connected to MongoDb ...
info: Listinging on port 3002 ... Tue Dec 27 2022 13:40:09 GMT+0300 (East Africa Time)
info: connected to MongoDb ...
info: Listinging on port 3002 ... Tue Dec 27 2022 14:14:23 GMT+0300 (East Africa Time)
info: connected to MongoDb ...
info: Listinging on port 3002 ... Tue Dec 27 2022 14:21:24 GMT+0300 (East Africa Time)
info: connected to MongoDb ...
info: Listinging on port 3002 ... Tue Dec 27 2022 15:04:34 GMT+0300 (East Africa Time)
info: connected to MongoDb ...
info: Listinging on port 3002 ... Tue Dec 27 2022 15:24:26 GMT+0300 (East Africa Time)
info: connected to MongoDb ...
info: Listinging on port 3002 ... Tue Dec 27 2022 15:26:07 GMT+0300 (East Africa Time)
info: connected to MongoDb ...
info: Listinging on port 3002 ... Tue Dec 27 2022 15:27:14 GMT+0300 (East Africa Time)
info: connected to MongoDb ...
info: Listinging on port 3002 ... Tue Dec 27 2022 15:27:52 GMT+0300 (East Africa Time)
info: connected to MongoDb ...
info: Listinging on port 3002 ... Tue Dec 27 2022 15:32:25 GMT+0300 (East Africa Time)
info: connected to MongoDb ...
info: Listinging on port 3002 ... Tue Dec 27 2022 15:34:56 GMT+0300 (East Africa Time)
info: connected to MongoDb ...
info: Listinging on port 3002 ... Tue Dec 27 2022 15:37:15 GMT+0300 (East Africa Time)
info: connected to MongoDb ...
info: Listinging on port 3002 ... Tue Dec 27 2022 15:38:24 GMT+0300 (East Africa Time)
info: connected to MongoDb ...
info: Listinging on port 3002 ... Tue Dec 27 2022 15:38:36 GMT+0300 (East Africa Time)
info: connected to MongoDb ...
info: Listinging on port 3002 ... Tue Dec 27 2022 15:39:19 GMT+0300 (East Africa Time)
info: connected to MongoDb ...
info: Listinging on port 3002 ... Tue Dec 27 2022 15:40:41 GMT+0300 (East Africa Time)
info: connected to MongoDb ...
info: Listinging on port 3002 ... Tue Dec 27 2022 15:58:55 GMT+0300 (East Africa Time)
info: connected to MongoDb ...
info: Listinging on port 3002 ... Tue Dec 27 2022 16:03:18 GMT+0300 (East Africa Time)
info: connected to MongoDb ...
info: Listinging on port 3002 ... Tue Dec 27 2022 16:09:46 GMT+0300 (East Africa Time)
info: connected to MongoDb ...
info: Listinging on port 3002 ... Tue Dec 27 2022 16:26:22 GMT+0300 (East Africa Time)
info: connected to MongoDb ...
info: Listinging on port 3002 ... Wed Dec 28 2022 08:46:46 GMT+0300 (East Africa Time)
info: connected to MongoDb ...
info: Listinging on port 3002 ... Wed Dec 28 2022 10:53:54 GMT+0300 (East Africa Time)
info: connected to MongoDb ...
info: Listinging on port 3002 ... Wed Dec 28 2022 10:54:48 GMT+0300 (East Africa Time)
info: connected to MongoDb ...
info: Listinging on port 3002 ... Wed Dec 28 2022 12:04:03 GMT+0300 (East Africa Time)
info: connected to MongoDb ...
info: Listinging on port 3002 ... Wed Dec 28 2022 12:05:53 GMT+0300 (East Africa Time)
info: connected to MongoDb ...
info: Listinging on port 3002 ... Wed Dec 28 2022 12:06:36 GMT+0300 (East Africa Time)
info: connected to MongoDb ...
info: Listinging on port 3002 ... Wed Dec 28 2022 12:08:05 GMT+0300 (East Africa Time)
info: connected to MongoDb ...
info: Listinging on port 3002 ... Wed Dec 28 2022 12:09:43 GMT+0300 (East Africa Time)
info: connected to MongoDb ...
info: Listinging on port 3002 ... Wed Dec 28 2022 12:10:15 GMT+0300 (East Africa Time)
info: connected to MongoDb ...
info: Listinging on port 3002 ... Wed Dec 28 2022 12:13:02 GMT+0300 (East Africa Time)
info: connected to MongoDb ...
info: Listinging on port 3002 ... Wed Dec 28 2022 12:13:39 GMT+0300 (East Africa Time)
info: connected to MongoDb ...
info: Listinging on port 3002 ... Wed Dec 28 2022 12:14:27 GMT+0300 (East Africa Time)
info: connected to MongoDb ...
info: Listinging on port 3002 ... Wed Dec 28 2022 12:16:06 GMT+0300 (East Africa Time)
info: connected to MongoDb ...
